<?xml version="1.0" encoding="UTF-8"?>
<testng-results skipped="0" failed="0" total="3" passed="3">
  <reporter-output>
  </reporter-output>
  <suite name="Suite" duration-ms="40" started-at="2020-12-18T07:20:38Z" finished-at="2020-12-18T07:20:38Z">
    <groups>
    </groups>
    <test name="Test" duration-ms="40" started-at="2020-12-18T07:20:38Z" finished-at="2020-12-18T07:20:38Z">
      <class name="demo.Sample">
        <test-method status="PASS" signature="test1()[pri:0, instance:demo.Sample@75bd9247]" name="test1" duration-ms="12" started-at="2020-12-18T12:50:38Z" finished-at="2020-12-18T12:50:38Z">
          <reporter-output>
          </reporter-output>
        </test-method> <!-- test1 -->
        <test-method status="PASS" signature="test2()[pri:0, instance:demo.Sample@75bd9247]" name="test2" duration-ms="0" started-at="2020-12-18T12:50:38Z" finished-at="2020-12-18T12:50:38Z">
          <reporter-output>
          </reporter-output>
        </test-method> <!-- test2 -->
        <test-method status="PASS" signature="test3()[pri:0, instance:demo.Sample@75bd9247]" name="test3" duration-ms="4" started-at="2020-12-18T12:50:38Z" finished-at="2020-12-18T12:50:38Z">
          <reporter-output>
          </reporter-output>
        </test-method> <!-- test3 -->
      </class> <!-- demo.Sample -->
    </test> <!-- Test -->
  </suite> <!-- Suite -->
</testng-results>
